<!DOCTYPE html PUBLIC "-//W3C//DTD XHTML 1.1//EN" "http://www.w3.org/TR/xhtml11/DTD/xhtml11.dtd">
<html xmlns="http://www.w3.org/1999/xhtml"><head><title>TestNG Report</title><style type="text/css">table {margin-bottom:10px;border-collapse:collapse;empty-cells:show}th,td {border:1px solid #009;padding:.25em .5em}th {vertical-align:bottom}td {vertical-align:top}table a {font-weight:bold}.stripe td {background-color: #E6EBF9}.num {text-align:right}.passedodd td {background-color: #3F3}.passedeven td {background-color: #0A0}.skippedodd td {background-color: #DDD}.skippedeven td {background-color: #CCC}.failedodd td,.attn {background-color: #F33}.failedeven td,.stripe .attn {background-color: #D00}.stacktrace {white-space:pre;font-family:monospace}.totop {font-size:85%;text-align:center;border-bottom:2px solid #000}</style></head><body><table><tr><th>Test</th><th># Passed</th><th># Skipped</th><th># Failed</th><th>Time (ms)</th><th>Included Groups</th><th>Excluded Groups</th></tr><tr><th colspan="7">Suite</th></tr><tr><td><a href="#t0">MainPage</a></td><td class="num">1</td><td class="num attn">2</td><td class="num">0</td><td class="num">8 576</td><td></td><td></td></tr><tr class="stripe"><td><a href="#t1">MailBoxPage</a></td><td class="num">1</td><td class="num attn">1</td><td class="num">0</td><td class="num">8 435</td><td></td><td></td></tr><tr><td><a href="#t2">CreateEmailPage</a></td><td class="num">1</td><td class="num">0</td><td class="num">0</td><td class="num">12 823</td><td></td><td></td></tr><tr class="stripe"><td><a href="#t3">SuccessSendMailPage</a></td><td class="num">1</td><td class="num">0</td><td class="num">0</td><td class="num">7 479</td><td></td><td></td></tr><tr><td><a href="#t4">SentEmailsPage</a></td><td class="num">2</td><td class="num">0</td><td class="num attn">2</td><td class="num">65 107</td><td></td><td></td></tr><tr><th>Total</th><th class="num">6</th><th class="num attn">3</th><th class="num attn">2</th><th class="num">102 420</th><th colspan="2"></th></tr></table><table><thead><tr><th>Class</th><th>Method</th><th>Start</th><th>Time (ms)</th></tr></thead><tbody><tr><th colspan="4">Suite</th></tr></tbody><tbody id="t0"><tr><th colspan="4">MainPage &#8212; failed (configuration methods)</th></tr><tr class="failedeven"><td rowspan="1">eleks.com.pages_tests.MainPage_Test</td><td><a href="#m0">getResult</a></td><td rowspan="1">1485943913129</td><td rowspan="1">0</td></tr><tr><th colspan="4">MainPage &#8212; skipped (configuration methods)</th></tr><tr class="skippedeven"><td rowspan="4">eleks.com.pages_tests.MainPage_Test</td><td><a href="#m1">getResult</a></td><td rowspan="2">1485943913198</td><td rowspan="2">0</td></tr><tr class="skippedeven"><td><a href="#m2">getResult</a></td></tr><tr class="skippedeven"><td><a href="#m3">setUp</a></td><td rowspan="2">1485943913193</td><td rowspan="2">0</td></tr><tr class="skippedeven"><td><a href="#m4">setUp</a></td></tr><tr><th colspan="4">MainPage &#8212; skipped</th></tr><tr class="skippedeven"><td rowspan="2">eleks.com.pages_tests.MainPage_Test</td><td><a href="#m5">negative_loginAs_test</a></td><td rowspan="1">1485943913193</td><td rowspan="1">1</td></tr><tr class="skippedeven"><td><a href="#m6">positive_loginAs_test</a></td><td rowspan="1">1485943913197</td><td rowspan="1">0</td></tr><tr><th colspan="4">MainPage &#8212; passed</th></tr><tr class="passedeven"><td rowspan="1">eleks.com.pages_tests.MainPage_Test</td><td><a href="#m7">isMainPageOpened_test</a></td><td rowspan="1">1485943912247</td><td rowspan="1">882</td></tr></tbody><tbody id="t1"><tr><th colspan="4">MailBoxPage &#8212; failed (configuration methods)</th></tr><tr class="failedeven"><td rowspan="1">eleks.com.pages_tests.MailBoxPage_Test</td><td><a href="#m8">getResult</a></td><td rowspan="1">1485943921585</td><td rowspan="1">0</td></tr><tr><th colspan="4">MailBoxPage &#8212; skipped (configuration methods)</th></tr><tr class="skippedeven"><td rowspan="2">eleks.com.pages_tests.MailBoxPage_Test</td><td><a href="#m9">getResult</a></td><td rowspan="1">1485943921669</td><td rowspan="1">0</td></tr><tr class="skippedeven"><td><a href="#m10">setUp</a></td><td rowspan="1">1485943921665</td><td rowspan="1">0</td></tr><tr><th colspan="4">MailBoxPage &#8212; skipped</th></tr><tr class="skippedeven"><td rowspan="1">eleks.com.pages_tests.MailBoxPage_Test</td><td><a href="#m11">logout_test</a></td><td rowspan="1">1485943921665</td><td rowspan="1">1</td></tr><tr><th colspan="4">MailBoxPage &#8212; passed</th></tr><tr class="passedeven"><td rowspan="1">eleks.com.pages_tests.MailBoxPage_Test</td><td><a href="#m12">goToCreateEmailPage_test</a></td><td rowspan="1">1485943913881</td><td rowspan="1">7703</td></tr></tbody><tbody id="t2"><tr><th colspan="4">CreateEmailPage &#8212; failed (configuration methods)</th></tr><tr class="failedeven"><td rowspan="1">eleks.com.pages_tests.CreateEmailPage_Test</td><td><a href="#m13">getResult</a></td><td rowspan="1">1485943934429</td><td rowspan="1">0</td></tr><tr><th colspan="4">CreateEmailPage &#8212; passed</th></tr><tr class="passedeven"><td rowspan="1">eleks.com.pages_tests.CreateEmailPage_Test</td><td><a href="#m14">createEmail_test</a></td><td rowspan="1">1485943922368</td><td rowspan="1">12060</td></tr></tbody><tbody id="t3"><tr><th colspan="4">SuccessSendMailPage &#8212; failed (configuration methods)</th></tr><tr class="failedeven"><td rowspan="1">eleks.com.pages_tests.SuccessSendMailPage_Test</td><td><a href="#m15">getResult</a></td><td rowspan="1">1485943941950</td><td rowspan="1">0</td></tr><tr><th colspan="4">SuccessSendMailPage &#8212; passed</th></tr><tr class="passedeven"><td rowspan="1">eleks.com.pages_tests.SuccessSendMailPage_Test</td><td><a href="#m16">goToMailBoxPage_test</a></td><td rowspan="1">1485943934997</td><td rowspan="1">6952</td></tr></tbody><tbody id="t4"><tr><th colspan="4">SentEmailsPage &#8212; failed</th></tr><tr class="failedeven"><td rowspan="2">eleks.com.pages_tests.SentEmailsPage_Test</td><td><a href="#m17">negative_verifyEmailContent_test</a></td><td rowspan="1">1485943942515</td><td rowspan="1">17956</td></tr><tr class="failedeven"><td><a href="#m18">negative_verifySubject_test</a></td><td rowspan="1">1485943961657</td><td rowspan="1">18916</td></tr><tr><th colspan="4">SentEmailsPage &#8212; passed</th></tr><tr class="passedeven"><td rowspan="2">eleks.com.pages_tests.SentEmailsPage_Test</td><td><a href="#m19">positive_verifyEmailContent_test</a></td><td rowspan="1">1485943981213</td><td rowspan="1">14177</td></tr><tr class="passedeven"><td><a href="#m20">positive_verifySubject_test</a></td><td rowspan="1">1485943995996</td><td rowspan="1">10973</td></tr></tbody></table><h2>MainPage</h2><h3 id="m0">eleks.com.pages_tests.MainPage_Test#getResult</h3><table class="result"><tr class="param"><th>Parameter #1</th></tr><tr class="param stripe"><td>[TestResult name=isMainPageOpened_test status=SUCCESS method=MainPage_Test.isMainPageOpened_test()[pri:0, instance:eleks.com.pages_tests.MainPage_Test@1adae5d] output={null}]</td></tr><tr><th>Exception</th></tr><tr><td><div class="stacktrace">java.lang.NullPointerException
	at eleks.com.pages_tests.BasePage_Test.getResult(BasePage_Test.java:87)
... Removed 30 stack frames</div></td></tr></table><p class="totop"><a href="#summary">back to summary</a></p><h3 id="m1">eleks.com.pages_tests.MainPage_Test#getResult</h3><table class="result"></table><p class="totop"><a href="#summary">back to summary</a></p><h3 id="m2">eleks.com.pages_tests.MainPage_Test#getResult</h3><table class="result"></table><p class="totop"><a href="#summary">back to summary</a></p><h3 id="m3">eleks.com.pages_tests.MainPage_Test#setUp</h3><table class="result"></table><p class="totop"><a href="#summary">back to summary</a></p><h3 id="m4">eleks.com.pages_tests.MainPage_Test#setUp</h3><table class="result"></table><p class="totop"><a href="#summary">back to summary</a></p><h3 id="m5">eleks.com.pages_tests.MainPage_Test#negative_loginAs_test</h3><table class="result"><tr><th>Exception</th></tr><tr><td><div class="stacktrace">java.lang.NullPointerException
	at eleks.com.pages_tests.BasePage_Test.getResult(BasePage_Test.java:87)
... Removed 30 stack frames</div></td></tr></table><p class="totop"><a href="#summary">back to summary</a></p><h3 id="m6">eleks.com.pages_tests.MainPage_Test#positive_loginAs_test</h3><table class="result"><tr><th>Exception</th></tr><tr><td><div class="stacktrace">java.lang.NullPointerException
	at eleks.com.pages_tests.BasePage_Test.getResult(BasePage_Test.java:87)
... Removed 30 stack frames</div></td></tr></table><p class="totop"><a href="#summary">back to summary</a></p><h3 id="m7">eleks.com.pages_tests.MainPage_Test#isMainPageOpened_test</h3><table class="result"></table><p class="totop"><a href="#summary">back to summary</a></p><h2>MailBoxPage</h2><h3 id="m8">eleks.com.pages_tests.MailBoxPage_Test#getResult</h3><table class="result"><tr class="param"><th>Parameter #1</th></tr><tr class="param stripe"><td>[TestResult name=goToCreateEmailPage_test status=SUCCESS method=MailBoxPage_Test.goToCreateEmailPage_test()[pri:0, instance:eleks.com.pages_tests.MailBoxPage_Test@18c7aca] output={null}]</td></tr><tr><th>Exception</th></tr><tr><td><div class="stacktrace">java.lang.NullPointerException
	at eleks.com.pages_tests.BasePage_Test.getResult(BasePage_Test.java:87)
... Removed 30 stack frames</div></td></tr></table><p class="totop"><a href="#summary">back to summary</a></p><h3 id="m9">eleks.com.pages_tests.MailBoxPage_Test#getResult</h3><table class="result"></table><p class="totop"><a href="#summary">back to summary</a></p><h3 id="m10">eleks.com.pages_tests.MailBoxPage_Test#setUp</h3><table class="result"></table><p class="totop"><a href="#summary">back to summary</a></p><h3 id="m11">eleks.com.pages_tests.MailBoxPage_Test#logout_test</h3><table class="result"><tr><th>Exception</th></tr><tr><td><div class="stacktrace">java.lang.NullPointerException
	at eleks.com.pages_tests.BasePage_Test.getResult(BasePage_Test.java:87)
... Removed 30 stack frames</div></td></tr></table><p class="totop"><a href="#summary">back to summary</a></p><h3 id="m12">eleks.com.pages_tests.MailBoxPage_Test#goToCreateEmailPage_test</h3><table class="result"></table><p class="totop"><a href="#summary">back to summary</a></p><h2>CreateEmailPage</h2><h3 id="m13">eleks.com.pages_tests.CreateEmailPage_Test#getResult</h3><table class="result"><tr class="param"><th>Parameter #1</th></tr><tr class="param stripe"><td>[TestResult name=createEmail_test status=SUCCESS method=CreateEmailPage_Test.createEmail_test()[pri:0, instance:eleks.com.pages_tests.CreateEmailPage_Test@1b6a447] output={null}]</td></tr><tr><th>Exception</th></tr><tr><td><div class="stacktrace">java.lang.NullPointerException
	at eleks.com.pages_tests.BasePage_Test.getResult(BasePage_Test.java:87)
... Removed 30 stack frames</div></td></tr></table><p class="totop"><a href="#summary">back to summary</a></p><h3 id="m14">eleks.com.pages_tests.CreateEmailPage_Test#createEmail_test</h3><table class="result"></table><p class="totop"><a href="#summary">back to summary</a></p><h2>SuccessSendMailPage</h2><h3 id="m15">eleks.com.pages_tests.SuccessSendMailPage_Test#getResult</h3><table class="result"><tr class="param"><th>Parameter #1</th></tr><tr class="param stripe"><td>[TestResult name=goToMailBoxPage_test status=SUCCESS method=SuccessSendMailPage_Test.goToMailBoxPage_test()[pri:0, instance:eleks.com.pages_tests.SuccessSendMailPage_Test@1fd3711] output={null}]</td></tr><tr><th>Exception</th></tr><tr><td><div class="stacktrace">java.lang.NullPointerException
	at eleks.com.pages_tests.BasePage_Test.getResult(BasePage_Test.java:87)
... Removed 30 stack frames</div></td></tr></table><p class="totop"><a href="#summary">back to summary</a></p><h3 id="m16">eleks.com.pages_tests.SuccessSendMailPage_Test#goToMailBoxPage_test</h3><table class="result"></table><p class="totop"><a href="#summary">back to summary</a></p><h2>SentEmailsPage</h2><h3 id="m17">eleks.com.pages_tests.SentEmailsPage_Test#negative_verifyEmailContent_test</h3><table class="result"><tr><th>Exception</th></tr><tr><td><div class="stacktrace">org.openqa.selenium.NoSuchElementException: no such element: Unable to locate element: {&quot;method&quot;:&quot;xpath&quot;,&quot;selector&quot;:&quot;//div[@class=&apos;field_value&apos;][text()=&apos;xfgxdfg&apos;]&quot;}
  (Session info: chrome=55.0.2883.87)
  (Driver info: chromedriver=2.25.426923 (0390b88869384d6eb0d5d09729679f934aab9eed),platform=Windows NT 6.1.7600 x86) (WARNING: The server did not provide any stacktrace information)
Command duration or timeout: 10.15 seconds
For documentation on this error, please visit: http://seleniumhq.org/exceptions/no_such_element.html
Build info: version: &apos;3.0.1&apos;, revision: &apos;1969d75&apos;, time: &apos;2016-10-18 09:48:19 -0700&apos;
System info: host: &apos;Win-En&apos;, ip: &apos;192.168.174.129&apos;, os.name: &apos;Windows 7&apos;, os.arch: &apos;x86&apos;, os.version: &apos;6.1&apos;, java.version: &apos;1.8.0_121&apos;
Driver info: org.openqa.selenium.chrome.ChromeDriver
Capabilities [{applicationCacheEnabled=false, rotatable=false, mobileEmulationEnabled=false, networkConnectionEnabled=false, chrome={chromedriverVersion=2.25.426923 (0390b88869384d6eb0d5d09729679f934aab9eed), userDataDir=C:\Users\ADMINI~1\AppData\Local\Temp\scoped_dir1196_14107}, takesHeapSnapshot=true, pageLoadStrategy=normal, databaseEnabled=false, handlesAlerts=true, hasTouchScreen=false, version=55.0.2883.87, platform=XP, browserConnectionEnabled=false, nativeEvents=true, acceptSslCerts=true, locationContextEnabled=true, webStorageEnabled=true, browserName=chrome, takesScreenshot=true, javascriptEnabled=true, cssSelectorsEnabled=true}]
Session ID: f8e2338a2f5faf9a02a23e1ba18f3fb4
*** Element info: {Using=xpath, value=//div[@class=&apos;field_value&apos;][text()=&apos;xfgxdfg&apos;]}
Command duration or timeout: 10.82 seconds
For documentation on this error, please visit: http://seleniumhq.org/exceptions/no_such_element.html
Build info: version: &apos;3.0.1&apos;, revision: &apos;1969d75&apos;, time: &apos;2016-10-18 09:49:13 -0700&apos;
System info: host: &apos;ws-lv-cp2258&apos;, ip: &apos;172.25.24.92&apos;, os.name: &apos;Windows 10&apos;, os.arch: &apos;x86&apos;, os.version: &apos;10.0&apos;, java.version: &apos;1.8.0_111&apos;
Driver info: org.openqa.selenium.remote.RemoteWebDriver
Capabilities [{applicationCacheEnabled=false, rotatable=false, mobileEmulationEnabled=false, networkConnectionEnabled=false, chrome={chromedriverVersion=2.25.426923 (0390b88869384d6eb0d5d09729679f934aab9eed), userDataDir=C:\Users\ADMINI~1\AppData\Local\Temp\scoped_dir1196_14107}, takesHeapSnapshot=true, pageLoadStrategy=normal, databaseEnabled=false, handlesAlerts=true, hasTouchScreen=true, version=55.0.2883.87, platform=XP, browserConnectionEnabled=false, nativeEvents=true, acceptSslCerts=true, webdriver.remote.sessionid=40f6c93e-22be-4d9b-82d6-1e54c8a0bf88, locationContextEnabled=true, webStorageEnabled=true, browserName=chrome, takesScreenshot=true, javascriptEnabled=true, cssSelectorsEnabled=true}]
Session ID: 40f6c93e-22be-4d9b-82d6-1e54c8a0bf88
*** Element info: {Using=xpath, value=//div[@class=&apos;field_value&apos;][text()=&apos;xfgxdfg&apos;]}
	at org.openqa.selenium.remote.ErrorHandler.createThrowable(ErrorHandler.java:216)
	at org.openqa.selenium.remote.ErrorHandler.throwIfResponseFailed(ErrorHandler.java:168)
	at org.openqa.selenium.remote.RemoteWebDriver.execute(RemoteWebDriver.java:635)
	at org.openqa.selenium.remote.RemoteWebDriver.findElement(RemoteWebDriver.java:368)
	at org.openqa.selenium.remote.RemoteWebDriver.findElementByXPath(RemoteWebDriver.java:473)
	at org.openqa.selenium.By$ByXPath.findElement(By.java:361)
	at org.openqa.selenium.remote.RemoteWebDriver.findElement(RemoteWebDriver.java:360)
	at eleks.com.pages.SentEmailsPage.isCorrectToOnEmail(SentEmailsPage.java:60)
	at eleks.com.pages_tests.SentEmailsPage_Test.negative_verifyEmailContent_test(SentEmailsPage_Test.java:79)
Caused by: org.openqa.selenium.remote.ScreenshotException: Screen shot has been taken
Build info: version: &apos;3.0.1&apos;, revision: &apos;1969d75&apos;, time: &apos;2016-10-18 09:49:13 -0700&apos;
System info: host: &apos;ws-lv-cp2258&apos;, ip: &apos;172.25.24.92&apos;, os.name: &apos;Windows 10&apos;, os.arch: &apos;x86&apos;, os.version: &apos;10.0&apos;, java.version: &apos;1.8.0_111&apos;
Driver info: driver.version: RemoteWebDriver
	at org.openqa.selenium.remote.ErrorHandler.throwIfResponseFailed(ErrorHandler.java:142)
	... 35 more
Caused by: org.openqa.selenium.NoSuchElementException: no such element: Unable to locate element: {&quot;method&quot;:&quot;xpath&quot;,&quot;selector&quot;:&quot;//div[@class=&apos;field_value&apos;][text()=&apos;xfgxdfg&apos;]&quot;}
  (Session info: chrome=55.0.2883.87)
  (Driver info: chromedriver=2.25.426923 (0390b88869384d6eb0d5d09729679f934aab9eed),platform=Windows NT 6.1.7600 x86) (WARNING: The server did not provide any stacktrace information)
Command duration or timeout: 10.15 seconds
For documentation on this error, please visit: http://seleniumhq.org/exceptions/no_such_element.html
Build info: version: &apos;3.0.1&apos;, revision: &apos;1969d75&apos;, time: &apos;2016-10-18 09:48:19 -0700&apos;
System info: host: &apos;Win-En&apos;, ip: &apos;192.168.174.129&apos;, os.name: &apos;Windows 7&apos;, os.arch: &apos;x86&apos;, os.version: &apos;6.1&apos;, java.version: &apos;1.8.0_121&apos;
Driver info: org.openqa.selenium.chrome.ChromeDriver
Capabilities [{applicationCacheEnabled=false, rotatable=false, mobileEmulationEnabled=false, networkConnectionEnabled=false, chrome={chromedriverVersion=2.25.426923 (0390b88869384d6eb0d5d09729679f934aab9eed), userDataDir=C:\Users\ADMINI~1\AppData\Local\Temp\scoped_dir1196_14107}, takesHeapSnapshot=true, pageLoadStrategy=normal, databaseEnabled=false, handlesAlerts=true, hasTouchScreen=false, version=55.0.2883.87, platform=XP, browserConnectionEnabled=false, nativeEvents=true, acceptSslCerts=true, locationContextEnabled=true, webStorageEnabled=true, browserName=chrome, takesScreenshot=true, javascriptEnabled=true, cssSelectorsEnabled=true}]
Session ID: f8e2338a2f5faf9a02a23e1ba18f3fb4
*** Element info: {Using=xpath, value=//div[@class=&apos;field_value&apos;][text()=&apos;xfgxdfg&apos;]}
For documentation on this error, please visit: http://seleniumhq.org/exceptions/no_such_element.html
Build info: version: &apos;3.0.1&apos;, revision: &apos;1969d75&apos;, time: &apos;2016-10-18 09:49:13 -0700&apos;
System info: host: &apos;ws-lv-cp2258&apos;, ip: &apos;172.25.24.92&apos;, os.name: &apos;Windows 10&apos;, os.arch: &apos;x86&apos;, os.version: &apos;10.0&apos;, java.version: &apos;1.8.0_111&apos;
Driver info: driver.version: EventFiringWebDriver
	at org.openqa.selenium.remote.ErrorHandler.createThrowable(ErrorHandler.java:216)
	at org.openqa.selenium.remote.ErrorHandler.throwIfResponseFailed(ErrorHandler.java:168)
	at org.openqa.selenium.remote.RemoteWebDriver.execute(RemoteWebDriver.java:635)
	at org.openqa.selenium.remote.RemoteWebDriver.findElement(RemoteWebDriver.java:368)
	at org.openqa.selenium.remote.RemoteWebDriver.findElementByXPath(RemoteWebDriver.java:473)
	at org.openqa.selenium.By$ByXPath.findElement(By.java:361)
	at org.openqa.selenium.remote.RemoteWebDriver.findElement(RemoteWebDriver.java:360)
	at org.openqa.selenium.support.events.EventFiringWebDriver$2.invoke(EventFiringWebDriver.java:103)
	at com.sun.proxy.$Proxy6.findElement(Unknown Source)
	at org.openqa.selenium.support.events.EventFiringWebDriver.findElement(EventFiringWebDriver.java:187)
	at org.openqa.selenium.remote.server.handler.FindElement.call(FindElement.java:48)
	at org.openqa.selenium.remote.server.handler.FindElement.call(FindElement.java:33)
	at java.util.concurrent.FutureTask.run(Unknown Source)
	at org.openqa.selenium.remote.server.DefaultSession$1.run(DefaultSession.java:176)
	at java.util.concurrent.ThreadPoolExecutor.runWorker(Unknown Source)
	at java.util.concurrent.ThreadPoolExecutor$Worker.run(Unknown Source)
	at java.lang.Thread.run(Unknown Source)
... Removed 39 stack frames</div></td></tr></table><p class="totop"><a href="#summary">back to summary</a></p><h3 id="m18">eleks.com.pages_tests.SentEmailsPage_Test#negative_verifySubject_test</h3><table class="result"><tr><th>Exception</th></tr><tr><td><div class="stacktrace">org.openqa.selenium.NoSuchElementException: no such element: Unable to locate element: {&quot;method&quot;:&quot;xpath&quot;,&quot;selector&quot;:&quot;//descendant::span[text()=&apos;dgdfg&apos;]&quot;}
  (Session info: chrome=55.0.2883.87)
  (Driver info: chromedriver=2.25.426923 (0390b88869384d6eb0d5d09729679f934aab9eed),platform=Windows NT 6.1.7600 x86) (WARNING: The server did not provide any stacktrace information)
Command duration or timeout: 13.48 seconds
For documentation on this error, please visit: http://seleniumhq.org/exceptions/no_such_element.html
Build info: version: &apos;3.0.1&apos;, revision: &apos;1969d75&apos;, time: &apos;2016-10-18 09:48:19 -0700&apos;
System info: host: &apos;Win-En&apos;, ip: &apos;192.168.174.129&apos;, os.name: &apos;Windows 7&apos;, os.arch: &apos;x86&apos;, os.version: &apos;6.1&apos;, java.version: &apos;1.8.0_121&apos;
Driver info: org.openqa.selenium.chrome.ChromeDriver
Capabilities [{applicationCacheEnabled=false, rotatable=false, mobileEmulationEnabled=false, networkConnectionEnabled=false, chrome={chromedriverVersion=2.25.426923 (0390b88869384d6eb0d5d09729679f934aab9eed), userDataDir=C:\Users\ADMINI~1\AppData\Local\Temp\scoped_dir1196_14107}, takesHeapSnapshot=true, pageLoadStrategy=normal, databaseEnabled=false, handlesAlerts=true, hasTouchScreen=false, version=55.0.2883.87, platform=XP, browserConnectionEnabled=false, nativeEvents=true, acceptSslCerts=true, locationContextEnabled=true, webStorageEnabled=true, browserName=chrome, takesScreenshot=true, javascriptEnabled=true, cssSelectorsEnabled=true}]
Session ID: f8e2338a2f5faf9a02a23e1ba18f3fb4
*** Element info: {Using=xpath, value=//descendant::span[text()=&apos;dgdfg&apos;]}
Command duration or timeout: 13.69 seconds
For documentation on this error, please visit: http://seleniumhq.org/exceptions/no_such_element.html
Build info: version: &apos;3.0.1&apos;, revision: &apos;1969d75&apos;, time: &apos;2016-10-18 09:49:13 -0700&apos;
System info: host: &apos;ws-lv-cp2258&apos;, ip: &apos;172.25.24.92&apos;, os.name: &apos;Windows 10&apos;, os.arch: &apos;x86&apos;, os.version: &apos;10.0&apos;, java.version: &apos;1.8.0_111&apos;
Driver info: org.openqa.selenium.remote.RemoteWebDriver
Capabilities [{applicationCacheEnabled=false, rotatable=false, mobileEmulationEnabled=false, networkConnectionEnabled=false, chrome={chromedriverVersion=2.25.426923 (0390b88869384d6eb0d5d09729679f934aab9eed), userDataDir=C:\Users\ADMINI~1\AppData\Local\Temp\scoped_dir1196_14107}, takesHeapSnapshot=true, pageLoadStrategy=normal, databaseEnabled=false, handlesAlerts=true, hasTouchScreen=true, version=55.0.2883.87, platform=XP, browserConnectionEnabled=false, nativeEvents=true, acceptSslCerts=true, webdriver.remote.sessionid=40f6c93e-22be-4d9b-82d6-1e54c8a0bf88, locationContextEnabled=true, webStorageEnabled=true, browserName=chrome, takesScreenshot=true, javascriptEnabled=true, cssSelectorsEnabled=true}]
Session ID: 40f6c93e-22be-4d9b-82d6-1e54c8a0bf88
*** Element info: {Using=xpath, value=//descendant::span[text()=&apos;dgdfg&apos;]}
	at org.openqa.selenium.remote.ErrorHandler.createThrowable(ErrorHandler.java:216)
	at org.openqa.selenium.remote.ErrorHandler.throwIfResponseFailed(ErrorHandler.java:168)
	at org.openqa.selenium.remote.RemoteWebDriver.execute(RemoteWebDriver.java:635)
	at org.openqa.selenium.remote.RemoteWebDriver.findElement(RemoteWebDriver.java:368)
	at org.openqa.selenium.remote.RemoteWebDriver.findElementByXPath(RemoteWebDriver.java:473)
	at org.openqa.selenium.By$ByXPath.findElement(By.java:361)
	at org.openqa.selenium.remote.RemoteWebDriver.findElement(RemoteWebDriver.java:360)
	at eleks.com.pages.SentEmailsPage.isCorrectSubject(SentEmailsPage.java:30)
	at eleks.com.pages_tests.SentEmailsPage_Test.negative_verifySubject_test(SentEmailsPage_Test.java:45)
Caused by: org.openqa.selenium.remote.ScreenshotException: Screen shot has been taken
Build info: version: &apos;3.0.1&apos;, revision: &apos;1969d75&apos;, time: &apos;2016-10-18 09:49:13 -0700&apos;
System info: host: &apos;ws-lv-cp2258&apos;, ip: &apos;172.25.24.92&apos;, os.name: &apos;Windows 10&apos;, os.arch: &apos;x86&apos;, os.version: &apos;10.0&apos;, java.version: &apos;1.8.0_111&apos;
Driver info: driver.version: RemoteWebDriver
	at org.openqa.selenium.remote.ErrorHandler.throwIfResponseFailed(ErrorHandler.java:142)
	... 35 more
Caused by: org.openqa.selenium.NoSuchElementException: no such element: Unable to locate element: {&quot;method&quot;:&quot;xpath&quot;,&quot;selector&quot;:&quot;//descendant::span[text()=&apos;dgdfg&apos;]&quot;}
  (Session info: chrome=55.0.2883.87)
  (Driver info: chromedriver=2.25.426923 (0390b88869384d6eb0d5d09729679f934aab9eed),platform=Windows NT 6.1.7600 x86) (WARNING: The server did not provide any stacktrace information)
Command duration or timeout: 13.48 seconds
For documentation on this error, please visit: http://seleniumhq.org/exceptions/no_such_element.html
Build info: version: &apos;3.0.1&apos;, revision: &apos;1969d75&apos;, time: &apos;2016-10-18 09:48:19 -0700&apos;
System info: host: &apos;Win-En&apos;, ip: &apos;192.168.174.129&apos;, os.name: &apos;Windows 7&apos;, os.arch: &apos;x86&apos;, os.version: &apos;6.1&apos;, java.version: &apos;1.8.0_121&apos;
Driver info: org.openqa.selenium.chrome.ChromeDriver
Capabilities [{applicationCacheEnabled=false, rotatable=false, mobileEmulationEnabled=false, networkConnectionEnabled=false, chrome={chromedriverVersion=2.25.426923 (0390b88869384d6eb0d5d09729679f934aab9eed), userDataDir=C:\Users\ADMINI~1\AppData\Local\Temp\scoped_dir1196_14107}, takesHeapSnapshot=true, pageLoadStrategy=normal, databaseEnabled=false, handlesAlerts=true, hasTouchScreen=false, version=55.0.2883.87, platform=XP, browserConnectionEnabled=false, nativeEvents=true, acceptSslCerts=true, locationContextEnabled=true, webStorageEnabled=true, browserName=chrome, takesScreenshot=true, javascriptEnabled=true, cssSelectorsEnabled=true}]
Session ID: f8e2338a2f5faf9a02a23e1ba18f3fb4
*** Element info: {Using=xpath, value=//descendant::span[text()=&apos;dgdfg&apos;]}
For documentation on this error, please visit: http://seleniumhq.org/exceptions/no_such_element.html
Build info: version: &apos;3.0.1&apos;, revision: &apos;1969d75&apos;, time: &apos;2016-10-18 09:49:13 -0700&apos;
System info: host: &apos;ws-lv-cp2258&apos;, ip: &apos;172.25.24.92&apos;, os.name: &apos;Windows 10&apos;, os.arch: &apos;x86&apos;, os.version: &apos;10.0&apos;, java.version: &apos;1.8.0_111&apos;
Driver info: driver.version: EventFiringWebDriver
	at org.openqa.selenium.remote.ErrorHandler.createThrowable(ErrorHandler.java:216)
	at org.openqa.selenium.remote.ErrorHandler.throwIfResponseFailed(ErrorHandler.java:168)
	at org.openqa.selenium.remote.RemoteWebDriver.execute(RemoteWebDriver.java:635)
	at org.openqa.selenium.remote.RemoteWebDriver.findElement(RemoteWebDriver.java:368)
	at org.openqa.selenium.remote.RemoteWebDriver.findElementByXPath(RemoteWebDriver.java:473)
	at org.openqa.selenium.By$ByXPath.findElement(By.java:361)
	at org.openqa.selenium.remote.RemoteWebDriver.findElement(RemoteWebDriver.java:360)
	at org.openqa.selenium.support.events.EventFiringWebDriver$2.invoke(EventFiringWebDriver.java:103)
	at com.sun.proxy.$Proxy6.findElement(Unknown Source)
	at org.openqa.selenium.support.events.EventFiringWebDriver.findElement(EventFiringWebDriver.java:187)
	at org.openqa.selenium.remote.server.handler.FindElement.call(FindElement.java:48)
	at org.openqa.selenium.remote.server.handler.FindElement.call(FindElement.java:33)
	at java.util.concurrent.FutureTask.run(Unknown Source)
	at org.openqa.selenium.remote.server.DefaultSession$1.run(DefaultSession.java:176)
	at java.util.concurrent.ThreadPoolExecutor.runWorker(Unknown Source)
	at java.util.concurrent.ThreadPoolExecutor$Worker.run(Unknown Source)
	at java.lang.Thread.run(Unknown Source)
... Removed 39 stack frames</div></td></tr></table><p class="totop"><a href="#summary">back to summary</a></p><h3 id="m19">eleks.com.pages_tests.SentEmailsPage_Test#positive_verifyEmailContent_test</h3><table class="result"></table><p class="totop"><a href="#summary">back to summary</a></p><h3 id="m20">eleks.com.pages_tests.SentEmailsPage_Test#positive_verifySubject_test</h3><table class="result"></table><p class="totop"><a href="#summary">back to summary</a></p></body></html>